<?xml version="1.0" encoding="UTF-8"?>
<!-- Generated by org.testng.reporters.JUnitReportReporter -->
<testsuite hostname="hp-pc" failures="0" tests="1" name="sdet.ParametersAndAuthentication.BasicAuth" time="5.753" errors="0" timestamp="2021-09-28T10:47:23 IST" skipped="0">
  <testcase classname="sdet.ParametersAndAuthentication.BasicAuth" name="basicAuth" time="5.753"/>
  <system-out/>
</testsuite> <!-- sdet.ParametersAndAuthentication.BasicAuth -->
