<?xml version="1.0" encoding="UTF-8"?>
<!-- Generated by org.testng.reporters.JUnitReportReporter -->
<testsuite hostname="hp-pc" failures="0" tests="1" name="sdet.CRUD.Practice.CreateProjectWithJsonfile" time="9.567" errors="0" timestamp="2021-09-27T12:58:21 IST" skipped="0">
  <testcase classname="sdet.CRUD.Practice.CreateProjectWithJsonfile" name="createProjectWithJsonfile" time="9.567"/>
  <system-out/>
</testsuite> <!-- sdet.CRUD.Practice.CreateProjectWithJsonfile -->
