<?xml version="1.0" encoding="UTF-8"?>
<!-- Generated by org.testng.reporters.JUnitReportReporter -->
<testsuite hostname="hp-pc" failures="0" tests="1" name="sdet.ComplexResponseValidation.ValidateDynamicResponse" time="12.928" errors="0" timestamp="2021-09-27T15:51:28 IST" skipped="0">
  <testcase classname="sdet.ComplexResponseValidation.ValidateDynamicResponse" name="validateDynamicResp" time="12.928"/>
  <system-out/>
</testsuite> <!-- sdet.ComplexResponseValidation.ValidateDynamicResponse -->
