<?xml version="1.0" encoding="UTF-8"?>
<!-- Generated by org.testng.reporters.JUnitReportReporter -->
<testsuite hostname="hp-pc" failures="0" tests="1" name="sdet.CRUD.Practice.GetSingleProject" time="11.407" errors="0" timestamp="2021-09-25T12:37:36 IST" skipped="0">
  <testcase classname="sdet.CRUD.Practice.GetSingleProject" name="getSingleProject" time="11.407"/>
  <system-out/>
</testsuite> <!-- sdet.CRUD.Practice.GetSingleProject -->
