<?xml version="1.0" encoding="UTF-8"?>
<!-- Generated by org.testng.reporters.JUnitReportReporter -->
<testsuite hostname="hp-pc" failures="0" tests="1" name="sdet.CRUD.Practice.GetAllProjectsUsingBDD" time="4.860" errors="0" timestamp="2021-09-28T12:18:46 IST" skipped="0">
  <testcase classname="sdet.CRUD.Practice.GetAllProjectsUsingBDD" name="getAllProjectUsingBDD" time="4.860"/>
  <system-out/>
</testsuite> <!-- sdet.CRUD.Practice.GetAllProjectsUsingBDD -->
