<?xml version="1.0" encoding="UTF-8"?>
<!-- Generated by org.testng.reporters.JUnitReportReporter -->
<testsuite hostname="hp-pc" failures="0" tests="1" name="sdet.ParametersAndAuthentication.BearerToken" time="9.142" errors="0" timestamp="2021-09-28T11:00:55 IST" skipped="0">
  <testcase classname="sdet.ParametersAndAuthentication.BearerToken" name="bearerToken" time="9.142"/>
  <system-out/>
</testsuite> <!-- sdet.ParametersAndAuthentication.BearerToken -->
