<?xml version="1.0" encoding="UTF-8"?>
<!-- Generated by org.testng.reporters.JUnitReportReporter -->
<testsuite hostname="hp-pc" failures="0" tests="1" name="sdet.CRUD.Practice.DeleteProject" time="9.159" errors="0" timestamp="2021-09-25T12:49:35 IST" skipped="0">
  <testcase classname="sdet.CRUD.Practice.DeleteProject" name="deleteProject" time="9.159"/>
  <system-out/>
</testsuite> <!-- sdet.CRUD.Practice.DeleteProject -->
