<?xml version="1.0" encoding="UTF-8"?>
<!-- Generated by org.testng.reporters.JUnitReportReporter -->
<testsuite hostname="hp-pc" failures="0" tests="1" name="sdet.CRUD.Practice.UpdateProject" time="19.449" errors="0" timestamp="2021-09-25T12:46:17 IST" skipped="0">
  <testcase classname="sdet.CRUD.Practice.UpdateProject" name="updateProject" time="19.449"/>
  <system-out/>
</testsuite> <!-- sdet.CRUD.Practice.UpdateProject -->
