<?xml version="1.0" encoding="UTF-8"?>
<!-- Generated by org.testng.reporters.JUnitReportReporter -->
<testsuite hostname="hp-pc" failures="0" tests="1" name="sdet.CRUD.Practice.GetAllProjectsUsingBDD" time="14.941" errors="0" timestamp="2021-09-27T15:11:36 IST" skipped="0">
  <testcase classname="sdet.CRUD.Practice.GetAllProjectsUsingBDD" name="getAllProjectUsingBDD" time="14.941"/>
  <system-out/>
</testsuite> <!-- sdet.CRUD.Practice.GetAllProjectsUsingBDD -->
