<?xml version="1.0" encoding="UTF-8"?>
<!-- Generated by org.testng.reporters.JUnitReportReporter -->
<testsuite hostname="hp-pc" failures="0" tests="1" name="sdet.ParametersAndAuthentication.OauthAuthetication" time="6.566" errors="0" timestamp="2021-09-28T11:28:46 IST" skipped="0">
  <testcase classname="sdet.ParametersAndAuthentication.OauthAuthetication" name="oathAuthentication" time="6.566"/>
  <system-out/>
</testsuite> <!-- sdet.ParametersAndAuthentication.OauthAuthetication -->
