<?xml version="1.0" encoding="UTF-8"?>
<!-- Generated by org.testng.reporters.JUnitReportReporter -->
<testsuite hostname="hp-pc" failures="0" tests="1" name="sdet.RMGYTestScripts.CreateProjectAndVerifyInDB" time="4.936" errors="0" timestamp="2021-09-28T13:26:43 IST" skipped="0">
  <testcase classname="sdet.RMGYTestScripts.CreateProjectAndVerifyInDB" name="createProjectAndVerifyDB" time="4.936"/>
  <system-out/>
</testsuite> <!-- sdet.RMGYTestScripts.CreateProjectAndVerifyInDB -->
