<?xml version="1.0" encoding="UTF-8"?>
<!-- Generated by org.testng.reporters.JUnitReportReporter -->
<testsuite hostname="hp-pc" failures="0" tests="1" name="sdet.ParametersAndAuthentication.PathParameter" time="19.772" errors="0" timestamp="2021-09-27T16:28:12 IST" skipped="0">
  <testcase classname="sdet.ParametersAndAuthentication.PathParameter" name="pathParameters" time="19.772"/>
  <system-out/>
</testsuite> <!-- sdet.ParametersAndAuthentication.PathParameter -->
