<?xml version="1.0" encoding="UTF-8"?>
<!-- Generated by org.testng.reporters.JUnitReportReporter -->
<testsuite hostname="hp-pc" failures="0" tests="5" name="sdet.CRUD.Practice.CreateProjectWithMultipleData" time="15.910" errors="0" timestamp="2021-09-27T15:07:20 IST" skipped="0">
  <testcase classname="sdet.CRUD.Practice.CreateProjectWithMultipleData" name="createProjectWithMultipleData" time="0.566"/>
  <system-out/>
  <testcase classname="sdet.CRUD.Practice.CreateProjectWithMultipleData" name="createProjectWithMultipleData" time="12.929"/>
  <system-out/>
  <testcase classname="sdet.CRUD.Practice.CreateProjectWithMultipleData" name="createProjectWithMultipleData" time="0.728"/>
  <system-out/>
  <testcase classname="sdet.CRUD.Practice.CreateProjectWithMultipleData" name="createProjectWithMultipleData" time="1.392"/>
  <system-out/>
  <testcase classname="sdet.CRUD.Practice.CreateProjectWithMultipleData" name="createProjectWithMultipleData" time="0.295"/>
  <system-out/>
</testsuite> <!-- sdet.CRUD.Practice.CreateProjectWithMultipleData -->
