<?xml version="1.0" encoding="UTF-8"?>
<!-- Generated by org.testng.reporters.JUnitReportReporter -->
<testsuite hostname="hp-pc" failures="0" tests="1" name="sdet.ParametersAndAuthentication.QueryParameter" time="10.904" errors="0" timestamp="2021-09-27T16:33:33 IST" skipped="0">
  <testcase classname="sdet.ParametersAndAuthentication.QueryParameter" name="queryParameter" time="10.904"/>
  <system-out/>
</testsuite> <!-- sdet.ParametersAndAuthentication.QueryParameter -->
