<?xml version="1.0" encoding="UTF-8"?>
<!-- Generated by org.testng.reporters.JUnitReportReporter -->
<testsuite hostname="hp-pc" failures="0" tests="1" name="sdet.ParametersAndAuthentication.RequestChaining" time="16.789" errors="0" timestamp="2021-09-27T16:51:54 IST" skipped="0">
  <testcase classname="sdet.ParametersAndAuthentication.RequestChaining" name="requestChaining" time="16.789"/>
  <system-out/>
</testsuite> <!-- sdet.ParametersAndAuthentication.RequestChaining -->
