<?xml version="1.0" encoding="UTF-8"?>
<!-- Generated by org.testng.reporters.JUnitReportReporter -->
<testsuite hostname="hp-pc" failures="0" tests="1" name="sdet.CRUD.Practice.GetAllProjects" time="19.074" errors="0" timestamp="2021-09-25T12:34:36 IST" skipped="0">
  <testcase classname="sdet.CRUD.Practice.GetAllProjects" name="getAllProjects" time="19.074"/>
  <system-out/>
</testsuite> <!-- sdet.CRUD.Practice.GetAllProjects -->
