<?xml version="1.0" encoding="UTF-8"?>
<!-- Generated by org.testng.reporters.JUnitReportReporter -->
<testsuite hostname="hp-pc" failures="0" tests="1" name="sdet.CRUD.Practice.CreateProject" time="10.802" errors="0" timestamp="2021-09-25T12:29:37 IST" skipped="0">
  <testcase classname="sdet.CRUD.Practice.CreateProject" name="createProjectTest" time="10.802"/>
  <system-out/>
</testsuite> <!-- sdet.CRUD.Practice.CreateProject -->
