<?xml version="1.0" encoding="UTF-8"?>
<!-- Generated by org.testng.reporters.JUnitReportReporter -->
<testsuite hostname="hp-pc" failures="0" tests="1" name="sdet.CRUD.Practice.CreateProjectWithPOJO" time="12.275" errors="0" timestamp="2021-09-27T12:37:09 IST" skipped="0">
  <testcase classname="sdet.CRUD.Practice.CreateProjectWithPOJO" name="createProjectWithPOJO" time="12.275"/>
  <system-out/>
</testsuite> <!-- sdet.CRUD.Practice.CreateProjectWithPOJO -->
